<?xml version="1.0" encoding="UTF-8"?>
<!-- Generated by org.testng.reporters.JUnitReportReporter -->
<testsuite hostname="workStation-2" failures="0" tests="1" name="toClass3.handlingBrowser" time="21.378" errors="0" timestamp="2024-03-20T03:55:20 BDT" skipped="0">
  <testcase classname="toClass3.handlingBrowser" name="browser" time="21.378"/>
</testsuite> <!-- toClass3.handlingBrowser -->
